<?xml version="1.0" encoding="UTF-8"?>
<!-- Generated by org.testng.reporters.JUnitReportReporter -->
<testsuite skipped="0" hostname="DESKTOP-1BHUSOJ" name="simple.Tests" tests="1" failures="0" timestamp="18 Nov 2019 05:13:23 GMT" time="42.361" errors="0">
  <testcase name="magntoLogin" time="42.361" classname="simple.Tests"/>
</testsuite> <!-- simple.Tests -->
