<?xml version="1.0" encoding="UTF-8"?>
<!-- Generated by org.testng.reporters.JUnitReportReporter -->
<testsuite skipped="2" hostname="DESKTOP-1BHUSOJ" name="com.training.sanity.tests.Elearning" tests="3" failures="0" timestamp="20 Nov 2019 14:16:43 GMT" time="31.446" errors="0">
  <testcase name="clicksignUp" time="31.446" classname="com.training.sanity.tests.Elearning"/>
  <testcase name="validLoginTest" classname="com.training.sanity.tests.Elearning">
    <skipped/>
  </testcase> <!-- validLoginTest -->
  <testcase name="lostPasswordLink" classname="com.training.sanity.tests.Elearning">
    <skipped/>
  </testcase> <!-- lostPasswordLink -->
</testsuite> <!-- com.training.sanity.tests.Elearning -->
